<?xml version="1.0" encoding="UTF-8"?>
<!-- Generated by org.testng.reporters.JUnitReportReporter -->
<testsuite hostname="Muhameds-MBP-2" failures="0" tests="1" name="com.herokuapp.theinternet.editortests.EditorTests" time="18.760" errors="0" timestamp="28 Feb 2022 18:48:06 GMT" skipped="0">
  <testcase classname="com.herokuapp.theinternet.editortests.EditorTests" name="defaultEditorValueTest" time="18.760"/>
</testsuite> <!-- com.herokuapp.theinternet.editortests.EditorTests -->
