<?xml version="1.0" encoding="UTF-8"?>
<!-- Generated by org.testng.reporters.JUnitReportReporter -->
<testsuite hostname="Muhameds-MacBook-Pro-2.local" failures="0" tests="2" name="com.herokuapp.theinternet.keypressestests.KeyPressesTests" time="12.683" errors="0" timestamp="27 Feb 2022 20:19:57 GMT" skipped="0">
  <testcase classname="com.herokuapp.theinternet.keypressestests.KeyPressesTests" name="pressKeyWithActionsTest" time="3.850"/>
  <testcase classname="com.herokuapp.theinternet.keypressestests.KeyPressesTests" name="pressKeyWithActionsTest" time="8.833"/>
</testsuite> <!-- com.herokuapp.theinternet.keypressestests.KeyPressesTests -->
