<?xml version="1.0" encoding="UTF-8"?>
<!-- Generated by org.testng.reporters.JUnitReportReporter -->
<testsuite hostname="Muhameds-MBP-2" failures="0" tests="1" name="com.herokuapp.theinternet.uploadtests.UploadTests" time="4.988" errors="0" timestamp="28 Feb 2022 18:38:11 GMT" skipped="0">
  <testcase classname="com.herokuapp.theinternet.uploadtests.UploadTests" name="imageUploadTest" time="4.988"/>
</testsuite> <!-- com.herokuapp.theinternet.uploadtests.UploadTests -->
