<?xml version="1.0" encoding="UTF-8"?>
<!-- Generated by org.testng.reporters.JUnitReportReporter -->
<testsuite hostname="Muhameds-MBP-2" failures="0" tests="1" name="com.herokuapp.theinternet.dropdowntests.DropdownTest" time="6.859" errors="0" timestamp="27 Feb 2022 14:28:41 GMT" skipped="0">
  <testcase classname="com.herokuapp.theinternet.dropdowntests.DropdownTest" name="optionTwoTest" time="6.859"/>
</testsuite> <!-- com.herokuapp.theinternet.dropdowntests.DropdownTest -->
