<?xml version="1.0" encoding="UTF-8"?>
<!-- Generated by org.testng.reporters.JUnitReportReporter -->
<testsuite hostname="Muhameds-MBP-2" failures="0" tests="2" name="com.herokuapp.theinternet.hoverstests.HoversTests" time="9.822" errors="0" timestamp="28 Feb 2022 19:04:25 GMT" skipped="0">
  <testcase classname="com.herokuapp.theinternet.hoverstests.HoversTests" name="user2ProfileTest" time="4.368"/>
  <testcase classname="com.herokuapp.theinternet.hoverstests.HoversTests" name="user2ProfileTest" time="5.454"/>
</testsuite> <!-- com.herokuapp.theinternet.hoverstests.HoversTests -->
