<?xml version="1.0" encoding="UTF-8"?>
<!-- Generated by org.testng.reporters.JUnitReportReporter -->
<testsuite hostname="Muhameds-MacBook-Pro-2.local" failures="0" tests="1" name="com.herokuapp.theinternet.windowstests.WindowsTests" time="5.606" errors="0" timestamp="27 Feb 2022 19:54:12 GMT" skipped="0">
  <testcase classname="com.herokuapp.theinternet.windowstests.WindowsTests" name="newWindowTest" time="5.606"/>
</testsuite> <!-- com.herokuapp.theinternet.windowstests.WindowsTests -->
