<?xml version="1.0" encoding="UTF-8"?>
<!-- Generated by org.testng.reporters.JUnitReportReporter -->
<testsuite hostname="Muhameds-MBP-2" failures="0" tests="2" name="com.herokuapp.theinternet.draganddroptests.DragAndDropTests" time="9.792" errors="0" timestamp="28 Feb 2022 18:55:56 GMT" skipped="0">
  <testcase classname="com.herokuapp.theinternet.draganddroptests.DragAndDropTests" name="dragAToBTest" time="3.921"/>
  <testcase classname="com.herokuapp.theinternet.draganddroptests.DragAndDropTests" name="dragAToBTest" time="5.871"/>
</testsuite> <!-- com.herokuapp.theinternet.draganddroptests.DragAndDropTests -->
