<?xml version="1.0" encoding="UTF-8"?>
<!-- Generated by org.testng.reporters.JUnitReportReporter -->
<testsuite hostname="Muhameds-MBP-2" failures="0" tests="1" name="com.herokuapp.theinternet.PositiveTests" time="4.780" errors="0" timestamp="28 Jan 2022 11:50:45 GMT" skipped="0">
  <testcase classname="com.herokuapp.theinternet.PositiveTests" name="logInTest" time="4.780"/>
</testsuite> <!-- com.herokuapp.theinternet.PositiveTests -->
